<?xml version="1.0" encoding="UTF-8"?>
<robot generator="Robot 7.0 (Python 3.12.3 on win32)" generated="2024-12-19T11:53:40.268076" rpa="false" schemaversion="5">
<suite id="s1" name="Tests" source="C:\Users\ASUS\Documents\Test Akhdani\tests">
<suite id="s1-s1" name="Test Deposit" source="C:\Users\ASUS\Documents\Test Akhdani\tests\test_deposit.robot">
<test id="s1-s1-t1" name="Deposit Money Successfully" line="9">
<kw name="Open Browser" owner="SeleniumLibrary">
<msg time="2024-12-19T11:53:40.512537" level="INFO">Opening browser 'Chrome' to base url 'https://globalsqa.com/angularJs-protractor/BankingProject/#/login'.</msg>
<arg>${BASE_URL}</arg>
<arg>Chrome</arg>
<doc>Opens a new browser instance to the optional ``url``.</doc>
<status status="PASS" start="2024-12-19T11:53:40.512537" elapsed="3.964142"/>
</kw>
<kw name="Maximize Browser Window" owner="SeleniumLibrary">
<doc>Maximizes current browser window.</doc>
<status status="PASS" start="2024-12-19T11:53:44.477693" elapsed="0.027300"/>
</kw>
<kw name="Wait Until Element Is Visible" owner="SeleniumLibrary">
<arg>${BTN_CUSTOMER_LOGIN}</arg>
<arg>10</arg>
<doc>Waits until the element ``locator`` is visible.</doc>
<status status="PASS" start="2024-12-19T11:53:44.506026" elapsed="0.636705"/>
</kw>
<kw name="Click Element" owner="SeleniumLibrary">
<msg time="2024-12-19T11:53:45.142731" level="INFO">Clicking element 'xpath=//button[contains(., 'Customer Login')]'.</msg>
<arg>${BTN_CUSTOMER_LOGIN}</arg>
<doc>Click the element identified by ``locator``.</doc>
<status status="PASS" start="2024-12-19T11:53:45.142731" elapsed="0.058408"/>
</kw>
<kw name="Wait Until Element Is Visible" owner="SeleniumLibrary">
<arg>${SELECT_CUSTOMER_NAME}</arg>
<arg>10</arg>
<doc>Waits until the element ``locator`` is visible.</doc>
<status status="PASS" start="2024-12-19T11:53:45.201139" elapsed="0.422173"/>
</kw>
<kw name="Select From List By Label" owner="SeleniumLibrary">
<msg time="2024-12-19T11:53:45.623312" level="INFO">Selecting options from selection list 'xpath=//select' by label Harry Potter.</msg>
<arg>${SELECT_CUSTOMER_NAME}</arg>
<arg>Harry Potter</arg>
<doc>Selects options from selection list ``locator`` by ``labels``.</doc>
<status status="PASS" start="2024-12-19T11:53:45.623312" elapsed="0.081435"/>
</kw>
<kw name="Click Element" owner="SeleniumLibrary">
<msg time="2024-12-19T11:53:45.704747" level="INFO">Clicking element 'xpath=//button[text()='Login']'.</msg>
<arg>${BTN_LOGIN}</arg>
<doc>Click the element identified by ``locator``.</doc>
<status status="PASS" start="2024-12-19T11:53:45.704747" elapsed="0.072133"/>
</kw>
<kw name="Wait Until Element Is Visible" owner="SeleniumLibrary">
<arg>${BTN_DEPOSIT}</arg>
<arg>10</arg>
<doc>Waits until the element ``locator`` is visible.</doc>
<status status="PASS" start="2024-12-19T11:53:45.776880" elapsed="0.432776"/>
</kw>
<kw name="Click Element" owner="SeleniumLibrary">
<msg time="2024-12-19T11:53:46.209656" level="INFO">Clicking element 'xpath=//button[contains(., 'Deposit')]'.</msg>
<arg>${BTN_DEPOSIT}</arg>
<doc>Click the element identified by ``locator``.</doc>
<status status="PASS" start="2024-12-19T11:53:46.209656" elapsed="0.051269"/>
</kw>
<kw name="Wait Until Element Is Visible" owner="SeleniumLibrary">
<arg>${INPUT_DEPOSIT_AMOUNT}</arg>
<arg>10</arg>
<doc>Waits until the element ``locator`` is visible.</doc>
<status status="PASS" start="2024-12-19T11:53:46.261931" elapsed="0.417137"/>
</kw>
<kw name="Input Text" owner="SeleniumLibrary">
<msg time="2024-12-19T11:53:46.689566" level="INFO">Typing text '1000' into text field 'xpath=//input[@ng-model='amount']'.</msg>
<arg>${INPUT_DEPOSIT_AMOUNT}</arg>
<arg>1000</arg>
<doc>Types the given ``text`` into the text field identified by ``locator``.</doc>
<status status="PASS" start="2024-12-19T11:53:46.689566" elapsed="0.074744"/>
</kw>
<kw name="Click Element" owner="SeleniumLibrary">
<msg time="2024-12-19T11:53:46.764310" level="INFO">Clicking element 'xpath=//button[contains(., 'Deposit')]'.</msg>
<arg>${BTN_CONFIRM_DEPOSIT}</arg>
<doc>Click the element identified by ``locator``.</doc>
<status status="PASS" start="2024-12-19T11:53:46.764310" elapsed="0.053960"/>
</kw>
<kw name="Wait Until Element Is Visible" owner="SeleniumLibrary">
<msg time="2024-12-19T11:53:57.062955" level="INFO" html="true">&lt;/td&gt;&lt;/tr&gt;&lt;tr&gt;&lt;td colspan="3"&gt;&lt;a href="selenium-screenshot-11.png"&gt;&lt;img src="selenium-screenshot-11.png" width="800px"&gt;&lt;/a&gt;</msg>
<msg time="2024-12-19T11:53:57.062955" level="FAIL">Element 'xpath=//strong[@ng-bind='account.balance']' not visible after 10 seconds.</msg>
<arg>${LABEL_BALANCE}</arg>
<arg>10</arg>
<doc>Waits until the element ``locator`` is visible.</doc>
<status status="FAIL" start="2024-12-19T11:53:46.818270" elapsed="10.244685">Element 'xpath=//strong[@ng-bind='account.balance']' not visible after 10 seconds.</status>
</kw>
<kw name="Capture Page Screenshot" owner="SeleniumLibrary">
<doc>Takes a screenshot of the current page and embeds it into a log file.</doc>
<status status="NOT RUN" start="2024-12-19T11:53:57.062955" elapsed="0.000000"/>
</kw>
<kw name="Close Browser" owner="SeleniumLibrary" type="TEARDOWN">
<doc>Closes the current browser.</doc>
<status status="PASS" start="2024-12-19T11:53:57.062955" elapsed="2.218134"/>
</kw>
<status status="FAIL" start="2024-12-19T11:53:40.511480" elapsed="18.770697">Element 'xpath=//strong[@ng-bind='account.balance']' not visible after 10 seconds.</status>
</test>
<status status="FAIL" start="2024-12-19T11:53:40.310765" elapsed="18.971412"/>
</suite>
<suite id="s1-s2" name="Test Login" source="C:\Users\ASUS\Documents\Test Akhdani\tests\test_login.robot">
<test id="s1-s2-t1" name="Login Customer Successfully" line="6">
<kw name="Open Browser" owner="SeleniumLibrary">
<msg time="2024-12-19T11:53:59.288892" level="INFO">Opening browser 'Chrome' to base url 'https://globalsqa.com/angularJs-protractor/BankingProject/#/login'.</msg>
<arg>${BASE_URL}</arg>
<arg>Chrome</arg>
<doc>Opens a new browser instance to the optional ``url``.</doc>
<status status="PASS" start="2024-12-19T11:53:59.288892" elapsed="3.202618"/>
</kw>
<kw name="Wait Until Element Is Visible" owner="SeleniumLibrary">
<arg>${BTN_CUSTOMER_LOGIN}</arg>
<arg>10</arg>
<doc>Waits until the element ``locator`` is visible.</doc>
<status status="PASS" start="2024-12-19T11:54:02.492531" elapsed="0.436131"/>
</kw>
<kw name="Click Element" owner="SeleniumLibrary">
<msg time="2024-12-19T11:54:02.929696" level="INFO">Clicking element 'xpath=//button[contains(., 'Customer Login')]'.</msg>
<arg>${BTN_CUSTOMER_LOGIN}</arg>
<doc>Click the element identified by ``locator``.</doc>
<status status="PASS" start="2024-12-19T11:54:02.928662" elapsed="0.054427"/>
</kw>
<kw name="Wait Until Element Is Visible" owner="SeleniumLibrary">
<arg>${SELECT_CUSTOMER_NAME}</arg>
<arg>10</arg>
<doc>Waits until the element ``locator`` is visible.</doc>
<status status="PASS" start="2024-12-19T11:54:02.984080" elapsed="0.229845"/>
</kw>
<kw name="Select From List By Label" owner="SeleniumLibrary">
<msg time="2024-12-19T11:54:03.213925" level="INFO">Selecting options from selection list 'xpath=//select' by label Harry Potter.</msg>
<arg>${SELECT_CUSTOMER_NAME}</arg>
<arg>Harry Potter</arg>
<doc>Selects options from selection list ``locator`` by ``labels``.</doc>
<status status="PASS" start="2024-12-19T11:54:03.213925" elapsed="0.077265"/>
</kw>
<kw name="Click Element" owner="SeleniumLibrary">
<msg time="2024-12-19T11:54:03.291190" level="INFO">Clicking element 'xpath=//button[text()='Login']'.</msg>
<arg>${BTN_LOGIN}</arg>
<doc>Click the element identified by ``locator``.</doc>
<status status="PASS" start="2024-12-19T11:54:03.291190" elapsed="0.075507"/>
</kw>
<kw name="Wait Until Element Is Visible" owner="SeleniumLibrary">
<arg>${LABEL_WELCOME}</arg>
<arg>10</arg>
<doc>Waits until the element ``locator`` is visible.</doc>
<status status="PASS" start="2024-12-19T11:54:03.368704" elapsed="0.233736"/>
</kw>
<kw name="Capture Page Screenshot" owner="SeleniumLibrary">
<msg time="2024-12-19T11:54:03.766882" level="INFO" html="true">&lt;/td&gt;&lt;/tr&gt;&lt;tr&gt;&lt;td colspan="3"&gt;&lt;a href="selenium-screenshot-12.png"&gt;&lt;img src="selenium-screenshot-12.png" width="800px"&gt;&lt;/a&gt;</msg>
<doc>Takes a screenshot of the current page and embeds it into a log file.</doc>
<status status="PASS" start="2024-12-19T11:54:03.602440" elapsed="0.164442"/>
</kw>
<kw name="Close Browser" owner="SeleniumLibrary" type="TEARDOWN">
<doc>Closes the current browser.</doc>
<status status="PASS" start="2024-12-19T11:54:03.766882" elapsed="2.146441"/>
</kw>
<status status="PASS" start="2024-12-19T11:53:59.288892" elapsed="6.625215"/>
</test>
<status status="PASS" start="2024-12-19T11:53:59.284286" elapsed="6.629821"/>
</suite>
<suite id="s1-s3" name="Test Withdraw" source="C:\Users\ASUS\Documents\Test Akhdani\tests\test_withdraw.robot">
<test id="s1-s3-t1" name="Withdraw Money Successfully" line="6">
<kw name="Open Browser" owner="SeleniumLibrary">
<msg time="2024-12-19T11:54:05.921763" level="INFO">Opening browser 'Chrome' to base url 'https://globalsqa.com/angularJs-protractor/BankingProject/#/login'.</msg>
<arg>${BASE_URL}</arg>
<arg>Chrome</arg>
<doc>Opens a new browser instance to the optional ``url``.</doc>
<status status="PASS" start="2024-12-19T11:54:05.921349" elapsed="2.250588"/>
</kw>
<kw name="Wait Until Element Is Visible" owner="SeleniumLibrary">
<arg>${BTN_CUSTOMER_LOGIN}</arg>
<arg>10</arg>
<doc>Waits until the element ``locator`` is visible.</doc>
<status status="PASS" start="2024-12-19T11:54:08.172962" elapsed="0.444203"/>
</kw>
<kw name="Click Element" owner="SeleniumLibrary">
<msg time="2024-12-19T11:54:08.618164" level="INFO">Clicking element 'xpath=//button[contains(., 'Customer Login')]'.</msg>
<arg>${BTN_CUSTOMER_LOGIN}</arg>
<doc>Click the element identified by ``locator``.</doc>
<status status="PASS" start="2024-12-19T11:54:08.617165" elapsed="0.061525"/>
</kw>
<kw name="Wait Until Element Is Visible" owner="SeleniumLibrary">
<arg>${SELECT_CUSTOMER_NAME}</arg>
<arg>10</arg>
<doc>Waits until the element ``locator`` is visible.</doc>
<status status="PASS" start="2024-12-19T11:54:08.678690" elapsed="0.429226"/>
</kw>
<kw name="Select From List By Label" owner="SeleniumLibrary">
<msg time="2024-12-19T11:54:09.107916" level="INFO">Selecting options from selection list 'xpath=//select' by label Harry Potter.</msg>
<arg>${SELECT_CUSTOMER_NAME}</arg>
<arg>Harry Potter</arg>
<doc>Selects options from selection list ``locator`` by ``labels``.</doc>
<status status="PASS" start="2024-12-19T11:54:09.107916" elapsed="0.062572"/>
</kw>
<kw name="Click Element" owner="SeleniumLibrary">
<msg time="2024-12-19T11:54:09.171516" level="INFO">Clicking element 'xpath=//button[text()='Login']'.</msg>
<arg>${BTN_LOGIN}</arg>
<doc>Click the element identified by ``locator``.</doc>
<status status="PASS" start="2024-12-19T11:54:09.170488" elapsed="0.062933"/>
</kw>
<kw name="Wait Until Element Is Visible" owner="SeleniumLibrary">
<arg>${BTN_WITHDRAWL}</arg>
<arg>10</arg>
<doc>Waits until the element ``locator`` is visible.</doc>
<status status="PASS" start="2024-12-19T11:54:09.234457" elapsed="0.420720"/>
</kw>
<kw name="Click Element" owner="SeleniumLibrary">
<msg time="2024-12-19T11:54:09.665335" level="INFO">Clicking element 'xpath=//button[contains(., 'Withdrawl')]'.</msg>
<arg>${BTN_WITHDRAWL}</arg>
<doc>Click the element identified by ``locator``.</doc>
<status status="PASS" start="2024-12-19T11:54:09.665335" elapsed="0.050519"/>
</kw>
<kw name="Wait Until Element Is Visible" owner="SeleniumLibrary">
<arg>${INPUT_WITHDRAW_AMOUNT}</arg>
<arg>10</arg>
<doc>Waits until the element ``locator`` is visible.</doc>
<status status="PASS" start="2024-12-19T11:54:09.715854" elapsed="0.429387"/>
</kw>
<kw name="Input Text" owner="SeleniumLibrary">
<msg time="2024-12-19T11:54:10.145241" level="INFO">Typing text '500' into text field 'xpath=//input[@ng-model='amount']'.</msg>
<arg>${INPUT_WITHDRAW_AMOUNT}</arg>
<arg>500</arg>
<doc>Types the given ``text`` into the text field identified by ``locator``.</doc>
<status status="PASS" start="2024-12-19T11:54:10.145241" elapsed="0.080794"/>
</kw>
<kw name="Click Element" owner="SeleniumLibrary">
<msg time="2024-12-19T11:54:10.226653" level="INFO">Clicking element 'xpath=//button[contains(., 'Withdraw')]'.</msg>
<arg>${BTN_CONFIRM_WITHDRAW}</arg>
<doc>Click the element identified by ``locator``.</doc>
<status status="PASS" start="2024-12-19T11:54:10.226583" elapsed="0.057332"/>
</kw>
<kw name="Wait Until Element Is Visible" owner="SeleniumLibrary">
<msg time="2024-12-19T11:54:30.482868" level="INFO" html="true">&lt;/td&gt;&lt;/tr&gt;&lt;tr&gt;&lt;td colspan="3"&gt;&lt;a href="selenium-screenshot-13.png"&gt;&lt;img src="selenium-screenshot-13.png" width="800px"&gt;&lt;/a&gt;</msg>
<msg time="2024-12-19T11:54:30.482868" level="FAIL">Element 'xpath=//strong[@ng-bind='account.balance']' not visible after 20 seconds.</msg>
<arg>${LABEL_BALANCE}</arg>
<arg>20</arg>
<doc>Waits until the element ``locator`` is visible.</doc>
<status status="FAIL" start="2024-12-19T11:54:10.283915" elapsed="20.199953">Element 'xpath=//strong[@ng-bind='account.balance']' not visible after 20 seconds.</status>
</kw>
<kw name="Capture Page Screenshot" owner="SeleniumLibrary">
<doc>Takes a screenshot of the current page and embeds it into a log file.</doc>
<status status="NOT RUN" start="2024-12-19T11:54:30.484872" elapsed="0.000000"/>
</kw>
<kw name="Close Browser" owner="SeleniumLibrary" type="TEARDOWN">
<doc>Closes the current browser.</doc>
<status status="PASS" start="2024-12-19T11:54:30.484872" elapsed="2.151580"/>
</kw>
<status status="FAIL" start="2024-12-19T11:54:05.916300" elapsed="26.720152">Element 'xpath=//strong[@ng-bind='account.balance']' not visible after 20 seconds.</status>
</test>
<status status="FAIL" start="2024-12-19T11:54:05.916300" elapsed="26.720152"/>
</suite>
<status status="FAIL" start="2024-12-19T11:53:40.268076" elapsed="52.368376"/>
</suite>
<statistics>
<total>
<stat pass="1" fail="2" skip="0">All Tests</stat>
</total>
<tag>
</tag>
<suite>
<stat pass="1" fail="2" skip="0" id="s1" name="Tests">Tests</stat>
<stat pass="0" fail="1" skip="0" id="s1-s1" name="Test Deposit">Tests.Test Deposit</stat>
<stat pass="1" fail="0" skip="0" id="s1-s2" name="Test Login">Tests.Test Login</stat>
<stat pass="0" fail="1" skip="0" id="s1-s3" name="Test Withdraw">Tests.Test Withdraw</stat>
</suite>
</statistics>
<errors>
</errors>
</robot>
